<?xml version="1.0" encoding="UTF-8"?>
<!-- Generated by org.testng.reporters.JUnitReportReporter -->
<testsuite hostname="Dell" failures="0" tests="5" name="TestNG_Conecpts.TestNG_Parallel_Execution" time="47.801" errors="0" timestamp="2023-08-30T19:27:55 IST" skipped="0">
  <testcase classname="TestNG_Conecpts.TestNG_Parallel_Execution" name="ChromeTest1" time="10.258"/>
  <system-out/>
  <testcase classname="TestNG_Conecpts.TestNG_Parallel_Execution" name="ChromeTest3" time="7.707"/>
  <system-out/>
  <testcase classname="TestNG_Conecpts.TestNG_Parallel_Execution" name="ChromeTest4" time="9.712"/>
  <system-out/>
  <testcase classname="TestNG_Conecpts.TestNG_Parallel_Execution" name="ChromeTest2" time="10.590"/>
  <system-out/>
  <testcase classname="TestNG_Conecpts.TestNG_Parallel_Execution" name="ChromeTest5" time="9.534"/>
  <system-out/>
</testsuite> <!-- TestNG_Conecpts.TestNG_Parallel_Execution -->
