<?xml version="1.0" encoding="UTF-8"?>
<!-- Generated by org.testng.reporters.JUnitReportReporter -->
<testsuite hostname="Dell" failures="0" tests="2" name="TestNG_Conecpts.MyFirstName" time="0.300" errors="0" timestamp="2023-08-30T20:03:40 IST" skipped="1">
  <testcase classname="TestNG_Conecpts.MyFirstName" name="TC_001" time="0.300"/>
  <system-out/>
  <testcase classname="TestNG_Conecpts.MyFirstName" name="TC_002">
    <skipped/>
  </testcase> <!-- TC_002 -->
  <system-out/>
</testsuite> <!-- TestNG_Conecpts.MyFirstName -->
