<?xml version="1.0" encoding="UTF-8"?>
<!-- Generated by org.testng.reporters.JUnitReportReporter -->
<testsuite hostname="Dell" failures="0" tests="1" name="TestNG_Conecpts.TestNG_Execution_Order" time="0.007" errors="0" timestamp="2023-08-25T20:09:25 IST" skipped="0">
  <testcase classname="TestNG_Conecpts.TestNG_Execution_Order" name="testCase1" time="0.007"/>
  <system-out/>
</testsuite> <!-- TestNG_Conecpts.TestNG_Execution_Order -->
