<?xml version="1.0" encoding="UTF-8"?>
<!-- Generated by org.testng.reporters.JUnitReportReporter -->
<testsuite hostname="Dell" failures="0" tests="2" name="RSA_Tests.HomePageTest" time="20.437" errors="0" timestamp="2023-09-13T12:29:23 IST" skipped="1">
  <testcase classname="RSA_Tests.HomePageTest" name="TC1" time="20.437"/>
  <system-out/>
  <testcase classname="RSA_Tests.HomePageTest" name="TC2">
    <skipped/>
  </testcase> <!-- TC2 -->
  <system-out/>
</testsuite> <!-- RSA_Tests.HomePageTest -->
